[debug] [2025-11-08T17:47:56.630Z] ----------------------------------------------------------------------
[debug] [2025-11-08T17:47:56.634Z] Command:       C:\Program Files\nodejs\node.exe C:\Users\Nilar Myint\AppData\Roaming\npm\node_modules\firebase-tools\lib\bin\firebase.js init
[debug] [2025-11-08T17:47:56.634Z] CLI Version:   14.22.0
[debug] [2025-11-08T17:47:56.634Z] Platform:      win32
[debug] [2025-11-08T17:47:56.634Z] Node Version:  v24.11.0
[debug] [2025-11-08T17:47:56.634Z] Time:          Sun Nov 09 2025 00:17:56 GMT+0630 (Myanmar Time)
[debug] [2025-11-08T17:47:56.634Z] ----------------------------------------------------------------------
[debug] 
[debug] [2025-11-08T17:47:56.636Z] >>> [apiv2][query] GET https://firebase-public.firebaseio.com/cli.json [none]
[info] 
     ######## #### ########  ######## ########     ###     ######  ########
     ##        ##  ##     ## ##       ##     ##  ##   ##  ##       ##
     ######    ##  ########  ######   ########  #########  ######  ######
     ##        ##  ##    ##  ##       ##     ## ##     ##       ## ##
     ##       #### ##     ## ######## ########  ##     ##  ######  ########

You're about to initialize a Firebase project in this directory:

  D:\MMDictionary\admin-panel

[debug] [2025-11-08T17:47:58.398Z] <<< [apiv2][status] GET https://firebase-public.firebaseio.com/cli.json 200
[debug] [2025-11-08T17:47:58.398Z] <<< [apiv2][body] GET https://firebase-public.firebaseio.com/cli.json {"cloudBuildErrorAfter":1594252800000,"cloudBuildWarnAfter":1590019200000,"defaultNode10After":1594252800000,"minVersion":"3.0.5","node8DeploysDisabledAfter":1613390400000,"node8RuntimeDisabledAfter":1615809600000,"node8WarnAfter":1600128000000}
[info] 
=== Project Setup
[info] 
[info] First, let's associate this project directory with a Firebase project.
[info] You can create multiple project aliases by running firebase use --add, 
[info] 
[debug] [2025-11-08T17:54:34.937Z] ----------------------------------------------------------------------
[debug] [2025-11-08T17:54:34.940Z] Command:       C:\Program Files\nodejs\node.exe C:\Users\Nilar Myint\AppData\Roaming\npm\node_modules\firebase-tools\lib\bin\firebase.js init
[debug] [2025-11-08T17:54:34.940Z] CLI Version:   14.22.0
[debug] [2025-11-08T17:54:34.940Z] Platform:      win32
[debug] [2025-11-08T17:54:34.940Z] Node Version:  v24.11.0
[debug] [2025-11-08T17:54:34.940Z] Time:          Sun Nov 09 2025 00:24:34 GMT+0630 (Myanmar Time)
[debug] [2025-11-08T17:54:34.940Z] ----------------------------------------------------------------------
[debug] 
[info] 
     ######## #### ########  ######## ########     ###     ######  ########
     ##        ##  ##     ## ##       ##     ##  ##   ##  ##       ##
     ######    ##  ########  ######   ########  #########  ######  ######
     ##        ##  ##    ##  ##       ##     ## ##     ##       ## ##
     ##       #### ##     ## ######## ########  ##     ##  ######  ########

You're about to initialize a Firebase project in this directory:

  D:\MMDictionary\admin-panel

[info] 
=== Project Setup
[info] 
[info] First, let's associate this project directory with a Firebase project.
[info] You can create multiple project aliases by running firebase use --add, 
[info] 
[debug] [2025-11-08T17:55:04.910Z] > command requires scopes: ["email","openid","https://www.googleapis.com/auth/cloudplatformprojects.readonly","https://www.googleapis.com/auth/firebase","https://www.googleapis.com/auth/cloud-platform"]
[debug] [2025-11-08T17:55:04.910Z] > authorizing via signed-in user (kyawzinnhtay@gmail.com)
[debug] [2025-11-08T17:55:04.911Z] Checked if tokens are valid: false, expires at: 1761342756451
[debug] [2025-11-08T17:55:04.911Z] Checked if tokens are valid: false, expires at: 1761342756451
[debug] [2025-11-08T17:55:04.912Z] > refreshing access token with scopes: []
[debug] [2025-11-08T17:55:04.913Z] >>> [apiv2][query] POST https://www.googleapis.com/oauth2/v3/token [none]
[debug] [2025-11-08T17:55:04.913Z] >>> [apiv2][body] POST https://www.googleapis.com/oauth2/v3/token [omitted]
[debug] [2025-11-08T17:55:09.215Z] <<< [apiv2][status] POST https://www.googleapis.com/oauth2/v3/token 400
[debug] [2025-11-08T17:55:09.216Z] <<< [apiv2][body] POST https://www.googleapis.com/oauth2/v3/token [omitted]
[debug] [2025-11-08T17:55:09.216Z] >>> [apiv2][query] GET https://firebase.googleapis.com/v1beta1/projects pageSize=100
[debug] [2025-11-08T17:55:13.541Z] <<< [apiv2][status] GET https://firebase.googleapis.com/v1beta1/projects 401
[debug] [2025-11-08T17:55:13.541Z] <<< [apiv2][body] GET https://firebase.googleapis.com/v1beta1/projects [omitted]
[debug] [2025-11-08T17:55:13.541Z] Got a 401 Unauthenticated error for a call that required authentication. Refreshing tokens.
[debug] [2025-11-08T17:55:13.541Z] Checked if tokens are valid: false, expires at: 1761342756451
[debug] [2025-11-08T17:55:13.541Z] Checked if tokens are valid: false, expires at: 1761342756451
[debug] [2025-11-08T17:55:13.541Z] > refreshing access token with scopes: []
[debug] [2025-11-08T17:55:13.541Z] >>> [apiv2][query] POST https://www.googleapis.com/oauth2/v3/token [none]
[debug] [2025-11-08T17:55:13.541Z] >>> [apiv2][body] POST https://www.googleapis.com/oauth2/v3/token [omitted]
[debug] [2025-11-08T17:55:13.857Z] <<< [apiv2][status] POST https://www.googleapis.com/oauth2/v3/token 400
[debug] [2025-11-08T17:55:13.857Z] <<< [apiv2][body] POST https://www.googleapis.com/oauth2/v3/token [omitted]
[debug] [2025-11-08T17:55:13.857Z] Request to https://firebase.googleapis.com/v1beta1/projects?pageSize=100 had HTTP Error: 401, Request had invalid authentication credentials. Expected OAuth 2 access token, login cookie or other valid authentication credential. See https://developers.google.com/identity/sign-in/web/devconsole-project.
[debug] [2025-11-08T17:55:14.761Z] FirebaseError: Request to https://firebase.googleapis.com/v1beta1/projects?pageSize=100 had HTTP Error: 401, Request had invalid authentication credentials. Expected OAuth 2 access token, login cookie or other valid authentication credential. See https://developers.google.com/identity/sign-in/web/devconsole-project.
    at responseToError (C:\Users\Nilar Myint\AppData\Roaming\npm\node_modules\firebase-tools\lib\responseToError.js:53:12)
    at RetryOperation._fn (C:\Users\Nilar Myint\AppData\Roaming\npm\node_modules\firebase-tools\lib\apiv2.js:312:77)
    at process.processTicksAndRejections (node:internal/process/task_queues:105:5)
[error] 
[error] Error: Failed to list Firebase projects. See firebase-debug.log for more info.
